2024-10-12 18:26:58,236 [trainer.py] => config: ./exps/objb100.json
2024-10-12 18:26:58,236 [trainer.py] => prefix: -
2024-10-12 18:26:58,236 [trainer.py] => dataset: objectnet
2024-10-12 18:26:58,236 [trainer.py] => memory_size: 4000
2024-10-12 18:26:58,236 [trainer.py] => memory_per_class: 20
2024-10-12 18:26:58,236 [trainer.py] => fixed_memory: True
2024-10-12 18:26:58,236 [trainer.py] => shuffle: True
2024-10-12 18:26:58,236 [trainer.py] => init_cls: 100
2024-10-12 18:26:58,236 [trainer.py] => increment: 20
2024-10-12 18:26:58,236 [trainer.py] => model_name: proof
2024-10-12 18:26:58,236 [trainer.py] => convnet_type: clip
2024-10-12 18:26:58,236 [trainer.py] => device: [device(type='cuda', index=3)]
2024-10-12 18:26:58,236 [trainer.py] => seed: 1993
2024-10-12 18:26:58,236 [trainer.py] => projection_type: pure_mlp
2024-10-12 18:26:58,236 [trainer.py] => frozen_layers: visual
2024-10-12 18:26:58,236 [trainer.py] => tuned_epoch: 10
2024-10-12 18:26:58,236 [trainer.py] => init_lr: 0.001
2024-10-12 18:26:58,236 [trainer.py] => batch_size: 64
2024-10-12 18:26:58,236 [trainer.py] => weight_decay: 0.05
2024-10-12 18:26:58,236 [trainer.py] => min_lr: 0
2024-10-12 18:26:58,236 [trainer.py] => optimizer: sgd
2024-10-12 18:26:58,380 [data_manager.py] => [168, 136, 51, 9, 183, 101, 171, 99, 42, 159, 191, 70, 16, 188, 27, 10, 175, 26, 68, 187, 98, 6, 85, 35, 112, 43, 100, 0, 103, 181, 88, 59, 4, 2, 116, 174, 94, 80, 106, 1, 147, 17, 141, 131, 72, 23, 173, 54, 197, 118, 87, 32, 79, 104, 91, 19, 135, 107, 178, 36, 11, 199, 142, 8, 122, 3, 28, 57, 153, 172, 190, 56, 49, 44, 97, 62, 151, 169, 194, 55, 192, 12, 189, 78, 66, 180, 15, 137, 109, 134, 92, 119, 126, 52, 170, 40, 148, 65, 144, 64, 138, 45, 77, 89, 154, 90, 71, 193, 74, 30, 113, 143, 96, 84, 67, 50, 186, 156, 69, 21, 18, 111, 108, 58, 125, 157, 150, 110, 182, 129, 166, 83, 81, 60, 13, 165, 14, 176, 63, 117, 5, 22, 145, 121, 38, 41, 82, 127, 114, 20, 31, 53, 37, 163, 196, 130, 152, 162, 86, 76, 24, 34, 184, 149, 33, 128, 198, 155, 146, 167, 139, 120, 140, 102, 47, 25, 158, 123, 46, 164, 61, 7, 115, 75, 133, 160, 105, 132, 179, 124, 48, 73, 93, 39, 95, 195, 29, 177, 185, 161]
2024-10-12 18:27:00,238 [factory.py] => Loaded ViT-B-16 model config.
2024-10-12 18:27:02,976 [factory.py] => Loaded ViT-B-16 model config.
2024-10-12 18:27:05,677 [trainer.py] => All params: 150670849
2024-10-12 18:27:05,679 [trainer.py] => Trainable params: 150670849
2024-10-12 18:27:05,934 [proof.py] => Learning on 0-100
2024-10-12 19:24:21,005 [base.py] => Constructing exemplars for new classes...(20 per classes)
2024-10-12 20:03:23,173 [proof.py] => Exemplar size: 2000
2024-10-12 20:03:23,174 [trainer.py] => CNN: {'total': 57.58, '00-09': 61.32, '10-19': 65.03, '20-29': 52.8, '30-39': 64.98, '40-49': 62.69, '50-59': 56.21, '60-69': 53.57, '70-79': 47.13, '80-89': 46.67, '90-99': 63.31, 'old': 0, 'new': 57.58, 'harmonic': 0.0}
2024-10-12 20:03:23,174 [trainer.py] => CNN top1 curve: [57.58]
2024-10-12 20:03:23,174 [trainer.py] => CNN top5 curve: [81.77]

2024-10-12 20:03:23,174 [trainer.py] => Average Accuracy (CNN): 57.58
2024-10-12 20:03:23,175 [trainer.py] => All params: 151197697
2024-10-12 20:03:23,176 [trainer.py] => Trainable params: 1576961
2024-10-12 20:03:23,185 [proof.py] => Learning on 100-120
2024-10-12 20:32:50,750 [base.py] => Constructing exemplars for new classes...(20 per classes)
2024-10-12 20:49:13,238 [proof.py] => Exemplar size: 2400
2024-10-12 20:49:13,238 [trainer.py] => CNN: {'total': 52.38, '00-09': 52.12, '10-19': 58.39, '20-29': 46.27, '30-39': 57.73, '40-49': 55.96, '50-59': 49.67, '60-69': 48.35, '70-79': 37.46, '80-89': 41.57, '90-99': 55.62, '100-109': 58.03, '110-119': 64.88, 'old': 50.43, 'new': 61.8, 'harmonic': 55.54}
2024-10-12 20:49:13,238 [trainer.py] => CNN top1 curve: [57.58, 52.38]
2024-10-12 20:49:13,238 [trainer.py] => CNN top5 curve: [81.77, 77.56]

2024-10-12 20:49:13,239 [trainer.py] => Average Accuracy (CNN): 54.980000000000004
2024-10-12 20:49:13,240 [trainer.py] => All params: 151724545
2024-10-12 20:49:13,241 [trainer.py] => Trainable params: 1839617
2024-10-12 20:49:13,247 [proof.py] => Learning on 120-140
2024-10-12 21:18:07,507 [base.py] => Constructing exemplars for new classes...(20 per classes)
2024-10-12 21:35:27,625 [proof.py] => Exemplar size: 2800
2024-10-12 21:35:27,626 [trainer.py] => CNN: {'total': 51.05, '00-09': 48.58, '10-19': 55.24, '20-29': 45.65, '30-39': 57.41, '40-49': 51.99, '50-59': 50.98, '60-69': 49.18, '70-79': 38.97, '80-89': 41.57, '90-99': 56.21, '100-109': 51.8, '110-119': 47.45, '120-129': 56.73, '130-139': 62.85, 'old': 49.59, 'new': 59.7, 'harmonic': 54.18}
2024-10-12 21:35:27,626 [trainer.py] => CNN top1 curve: [57.58, 52.38, 51.05]
2024-10-12 21:35:27,626 [trainer.py] => CNN top5 curve: [81.77, 77.56, 75.57]

2024-10-12 21:35:27,626 [trainer.py] => Average Accuracy (CNN): 53.669999999999995
2024-10-12 21:35:27,628 [trainer.py] => All params: 152251393
2024-10-12 21:35:27,629 [trainer.py] => Trainable params: 2102273
2024-10-12 21:35:27,635 [proof.py] => Learning on 140-160
2024-10-12 22:06:37,002 [base.py] => Constructing exemplars for new classes...(20 per classes)
2024-10-12 22:24:50,233 [proof.py] => Exemplar size: 3200
2024-10-12 22:24:50,234 [trainer.py] => CNN: {'total': 47.46, '00-09': 47.64, '10-19': 49.3, '20-29': 47.2, '30-39': 53.63, '40-49': 52.6, '50-59': 44.44, '60-69': 42.03, '70-79': 33.84, '80-89': 36.86, '90-99': 51.78, '100-109': 44.26, '110-119': 43.7, '120-129': 42.98, '130-139': 48.92, '140-149': 52.01, '150-159': 64.64, 'old': 45.74, 'new': 58.23, 'harmonic': 51.23}
2024-10-12 22:24:50,234 [trainer.py] => CNN top1 curve: [57.58, 52.38, 51.05, 47.46]
2024-10-12 22:24:50,234 [trainer.py] => CNN top5 curve: [81.77, 77.56, 75.57, 73.15]

2024-10-12 22:24:50,234 [trainer.py] => Average Accuracy (CNN): 52.1175
2024-10-12 22:24:50,235 [trainer.py] => All params: 152778241
2024-10-12 22:24:50,236 [trainer.py] => Trainable params: 2364929
2024-10-12 22:24:50,242 [proof.py] => Learning on 160-180
2024-10-12 22:57:38,725 [base.py] => Constructing exemplars for new classes...(20 per classes)
2024-10-12 23:16:57,251 [proof.py] => Exemplar size: 3600
2024-10-12 23:16:57,252 [trainer.py] => CNN: {'total': 46.38, '00-09': 46.93, '10-19': 50.35, '20-29': 44.72, '30-39': 54.26, '40-49': 50.15, '50-59': 42.16, '60-69': 42.86, '70-79': 33.23, '80-89': 38.43, '90-99': 50.89, '100-109': 43.93, '110-119': 42.63, '120-129': 44.74, '130-139': 46.75, '140-149': 42.63, '150-159': 46.69, '160-169': 57.75, '170-179': 56.33, 'old': 45.12, 'new': 57.07, 'harmonic': 50.4}
2024-10-12 23:16:57,252 [trainer.py] => CNN top1 curve: [57.58, 52.38, 51.05, 47.46, 46.38]
2024-10-12 23:16:57,252 [trainer.py] => CNN top5 curve: [81.77, 77.56, 75.57, 73.15, 71.74]

2024-10-12 23:16:57,252 [trainer.py] => Average Accuracy (CNN): 50.97
2024-10-12 23:16:57,253 [trainer.py] => All params: 153305089
2024-10-12 23:16:57,254 [trainer.py] => Trainable params: 2627585
2024-10-12 23:16:57,261 [proof.py] => Learning on 180-200
2024-10-12 23:52:30,528 [base.py] => Constructing exemplars for new classes...(20 per classes)
2024-10-13 00:14:12,653 [proof.py] => Exemplar size: 4000
2024-10-13 00:14:12,660 [trainer.py] => CNN: {'total': 43.81, '00-09': 48.58, '10-19': 47.55, '20-29': 40.99, '30-39': 53.31, '40-49': 50.76, '50-59': 37.25, '60-69': 39.84, '70-79': 32.93, '80-89': 40.0, '90-99': 50.59, '100-109': 40.33, '110-119': 41.29, '120-129': 41.23, '130-139': 45.51, '140-149': 37.8, '150-159': 42.27, '160-169': 40.12, '170-179': 35.67, '180-189': 58.54, '190-199': 51.65, 'old': 42.63, 'new': 54.69, 'harmonic': 47.91}
2024-10-13 00:14:12,660 [trainer.py] => CNN top1 curve: [57.58, 52.38, 51.05, 47.46, 46.38, 43.81]
2024-10-13 00:14:12,660 [trainer.py] => CNN top5 curve: [81.77, 77.56, 75.57, 73.15, 71.74, 69.95]

2024-10-13 00:14:12,660 [trainer.py] => Average Accuracy (CNN): 49.776666666666664
