2024-10-12 18:27:46,706 [trainer.py] => config: ./exps/obj.json
2024-10-12 18:27:46,706 [trainer.py] => prefix: -
2024-10-12 18:27:46,706 [trainer.py] => dataset: objectnet
2024-10-12 18:27:46,706 [trainer.py] => memory_size: 4000
2024-10-12 18:27:46,706 [trainer.py] => memory_per_class: 20
2024-10-12 18:27:46,706 [trainer.py] => fixed_memory: True
2024-10-12 18:27:46,706 [trainer.py] => shuffle: True
2024-10-12 18:27:46,706 [trainer.py] => init_cls: 20
2024-10-12 18:27:46,706 [trainer.py] => increment: 20
2024-10-12 18:27:46,706 [trainer.py] => model_name: proof
2024-10-12 18:27:46,706 [trainer.py] => convnet_type: clip
2024-10-12 18:27:46,706 [trainer.py] => device: [device(type='cuda', index=2)]
2024-10-12 18:27:46,706 [trainer.py] => seed: 1993
2024-10-12 18:27:46,706 [trainer.py] => projection_type: pure_mlp
2024-10-12 18:27:46,706 [trainer.py] => frozen_layers: visual
2024-10-12 18:27:46,706 [trainer.py] => tuned_epoch: 10
2024-10-12 18:27:46,707 [trainer.py] => init_lr: 0.001
2024-10-12 18:27:46,707 [trainer.py] => batch_size: 64
2024-10-12 18:27:46,707 [trainer.py] => weight_decay: 0.05
2024-10-12 18:27:46,707 [trainer.py] => min_lr: 0
2024-10-12 18:27:46,707 [trainer.py] => optimizer: sgd
2024-10-12 18:27:46,798 [data_manager.py] => [168, 136, 51, 9, 183, 101, 171, 99, 42, 159, 191, 70, 16, 188, 27, 10, 175, 26, 68, 187, 98, 6, 85, 35, 112, 43, 100, 0, 103, 181, 88, 59, 4, 2, 116, 174, 94, 80, 106, 1, 147, 17, 141, 131, 72, 23, 173, 54, 197, 118, 87, 32, 79, 104, 91, 19, 135, 107, 178, 36, 11, 199, 142, 8, 122, 3, 28, 57, 153, 172, 190, 56, 49, 44, 97, 62, 151, 169, 194, 55, 192, 12, 189, 78, 66, 180, 15, 137, 109, 134, 92, 119, 126, 52, 170, 40, 148, 65, 144, 64, 138, 45, 77, 89, 154, 90, 71, 193, 74, 30, 113, 143, 96, 84, 67, 50, 186, 156, 69, 21, 18, 111, 108, 58, 125, 157, 150, 110, 182, 129, 166, 83, 81, 60, 13, 165, 14, 176, 63, 117, 5, 22, 145, 121, 38, 41, 82, 127, 114, 20, 31, 53, 37, 163, 196, 130, 152, 162, 86, 76, 24, 34, 184, 149, 33, 128, 198, 155, 146, 167, 139, 120, 140, 102, 47, 25, 158, 123, 46, 164, 61, 7, 115, 75, 133, 160, 105, 132, 179, 124, 48, 73, 93, 39, 95, 195, 29, 177, 185, 161]
2024-10-12 18:27:48,652 [factory.py] => Loaded ViT-B-16 model config.
2024-10-12 18:27:51,049 [factory.py] => Loaded ViT-B-16 model config.
2024-10-12 18:27:53,632 [trainer.py] => All params: 150670849
2024-10-12 18:27:53,633 [trainer.py] => Trainable params: 150670849
2024-10-12 18:27:53,877 [proof.py] => Learning on 0-20
2024-10-12 18:42:22,566 [base.py] => Constructing exemplars for new classes...(20 per classes)
2024-10-12 18:52:41,261 [proof.py] => Exemplar size: 400
2024-10-12 18:52:41,262 [trainer.py] => CNN: {'total': 79.15, '00-09': 79.25, '10-19': 79.02, 'old': 0, 'new': 79.15, 'harmonic': 0.0}
2024-10-12 18:52:41,262 [trainer.py] => CNN top1 curve: [79.15]
2024-10-12 18:52:41,262 [trainer.py] => CNN top5 curve: [95.63]

2024-10-12 18:52:41,262 [trainer.py] => Average Accuracy (CNN): 79.15
2024-10-12 18:52:41,263 [trainer.py] => All params: 151197697
2024-10-12 18:52:41,264 [trainer.py] => Trainable params: 1576961
2024-10-12 18:52:41,277 [proof.py] => Learning on 20-40
2024-10-12 19:08:28,769 [base.py] => Constructing exemplars for new classes...(20 per classes)
2024-10-12 19:19:11,362 [proof.py] => Exemplar size: 800
2024-10-12 19:19:11,362 [trainer.py] => CNN: {'total': 68.27, '00-09': 67.69, '10-19': 69.93, '20-29': 59.32, '30-39': 76.66, 'old': 68.59, 'new': 67.92, 'harmonic': 68.25}
2024-10-12 19:19:11,363 [trainer.py] => CNN top1 curve: [79.15, 68.27]
2024-10-12 19:19:11,363 [trainer.py] => CNN top5 curve: [95.63, 90.29]

2024-10-12 19:19:11,363 [trainer.py] => Average Accuracy (CNN): 73.71000000000001
2024-10-12 19:19:11,364 [trainer.py] => All params: 151724545
2024-10-12 19:19:11,365 [trainer.py] => Trainable params: 1839617
2024-10-12 19:19:11,375 [proof.py] => Learning on 40-60
2024-10-12 19:38:02,380 [base.py] => Constructing exemplars for new classes...(20 per classes)
2024-10-12 19:50:27,692 [proof.py] => Exemplar size: 1200
2024-10-12 19:50:27,693 [trainer.py] => CNN: {'total': 62.76, '00-09': 62.5, '10-19': 66.08, '20-29': 50.62, '30-39': 65.3, '40-49': 66.67, '50-59': 66.01, 'old': 61.08, 'new': 66.35, 'harmonic': 63.61}
2024-10-12 19:50:27,693 [trainer.py] => CNN top1 curve: [79.15, 68.27, 62.76]
2024-10-12 19:50:27,693 [trainer.py] => CNN top5 curve: [95.63, 90.29, 86.53]

2024-10-12 19:50:27,693 [trainer.py] => Average Accuracy (CNN): 70.06
2024-10-12 19:50:27,694 [trainer.py] => All params: 152251393
2024-10-12 19:50:27,695 [trainer.py] => Trainable params: 2102273
2024-10-12 19:50:27,702 [proof.py] => Learning on 60-80
2024-10-12 20:13:21,058 [base.py] => Constructing exemplars for new classes...(20 per classes)
2024-10-12 20:27:37,591 [proof.py] => Exemplar size: 1600
2024-10-12 20:27:37,592 [trainer.py] => CNN: {'total': 57.34, '00-09': 56.13, '10-19': 60.49, '20-29': 49.38, '30-39': 63.41, '40-49': 62.39, '50-59': 55.88, '60-69': 56.59, '70-79': 55.29, 'old': 57.82, 'new': 55.97, 'harmonic': 56.88}
2024-10-12 20:27:37,592 [trainer.py] => CNN top1 curve: [79.15, 68.27, 62.76, 57.34]
2024-10-12 20:27:37,592 [trainer.py] => CNN top5 curve: [95.63, 90.29, 86.53, 81.66]

2024-10-12 20:27:37,592 [trainer.py] => Average Accuracy (CNN): 66.88
2024-10-12 20:27:37,593 [trainer.py] => All params: 152778241
2024-10-12 20:27:37,594 [trainer.py] => Trainable params: 2364929
2024-10-12 20:27:37,606 [proof.py] => Learning on 80-100
2024-10-12 20:51:25,895 [base.py] => Constructing exemplars for new classes...(20 per classes)
2024-10-12 21:06:58,459 [proof.py] => Exemplar size: 2000
2024-10-12 21:06:58,459 [trainer.py] => CNN: {'total': 54.13, '00-09': 53.54, '10-19': 59.79, '20-29': 48.76, '30-39': 59.94, '40-49': 58.72, '50-59': 48.69, '60-69': 48.63, '70-79': 47.13, '80-89': 50.59, '90-99': 65.68, 'old': 53.01, 'new': 59.19, 'harmonic': 55.93}
2024-10-12 21:06:58,459 [trainer.py] => CNN top1 curve: [79.15, 68.27, 62.76, 57.34, 54.13]
2024-10-12 21:06:58,459 [trainer.py] => CNN top5 curve: [95.63, 90.29, 86.53, 81.66, 78.5]

2024-10-12 21:06:58,459 [trainer.py] => Average Accuracy (CNN): 64.33
2024-10-12 21:06:58,460 [trainer.py] => All params: 153305089
2024-10-12 21:06:58,461 [trainer.py] => Trainable params: 2627585
2024-10-12 21:06:58,468 [proof.py] => Learning on 100-120
2024-10-12 21:33:24,410 [base.py] => Constructing exemplars for new classes...(20 per classes)
2024-10-12 21:48:27,889 [proof.py] => Exemplar size: 2400
2024-10-12 21:48:27,889 [trainer.py] => CNN: {'total': 52.05, '00-09': 51.18, '10-19': 54.2, '20-29': 45.34, '30-39': 55.52, '40-49': 58.1, '50-59': 48.37, '60-69': 46.98, '70-79': 41.39, '80-89': 41.96, '90-99': 55.03, '100-109': 59.34, '110-119': 64.61, 'old': 49.94, 'new': 62.24, 'harmonic': 55.42}
2024-10-12 21:48:27,889 [trainer.py] => CNN top1 curve: [79.15, 68.27, 62.76, 57.34, 54.13, 52.05]
2024-10-12 21:48:27,889 [trainer.py] => CNN top5 curve: [95.63, 90.29, 86.53, 81.66, 78.5, 77.08]

2024-10-12 21:48:27,889 [trainer.py] => Average Accuracy (CNN): 62.28333333333333
2024-10-12 21:48:27,890 [trainer.py] => All params: 153831937
2024-10-12 21:48:27,891 [trainer.py] => Trainable params: 2890241
2024-10-12 21:48:27,898 [proof.py] => Learning on 120-140
2024-10-12 22:15:49,464 [base.py] => Constructing exemplars for new classes...(20 per classes)
2024-10-12 22:32:26,391 [proof.py] => Exemplar size: 2800
2024-10-12 22:32:26,392 [trainer.py] => CNN: {'total': 50.62, '00-09': 47.64, '10-19': 52.1, '20-29': 44.72, '30-39': 56.47, '40-49': 53.52, '50-59': 46.73, '60-69': 48.08, '70-79': 38.97, '80-89': 43.53, '90-99': 57.69, '100-109': 53.77, '110-119': 46.65, '120-129': 54.68, '130-139': 64.4, 'old': 49.14, 'new': 59.4, 'harmonic': 53.79}
2024-10-12 22:32:26,392 [trainer.py] => CNN top1 curve: [79.15, 68.27, 62.76, 57.34, 54.13, 52.05, 50.62]
2024-10-12 22:32:26,392 [trainer.py] => CNN top5 curve: [95.63, 90.29, 86.53, 81.66, 78.5, 77.08, 75.24]

2024-10-12 22:32:26,392 [trainer.py] => Average Accuracy (CNN): 60.61714285714286
2024-10-12 22:32:26,394 [trainer.py] => All params: 154358785
2024-10-12 22:32:26,395 [trainer.py] => Trainable params: 3152897
2024-10-12 22:32:26,401 [proof.py] => Learning on 140-160
2024-10-12 23:03:36,348 [base.py] => Constructing exemplars for new classes...(20 per classes)
2024-10-12 23:22:14,607 [proof.py] => Exemplar size: 3200
2024-10-12 23:22:14,607 [trainer.py] => CNN: {'total': 47.36, '00-09': 47.64, '10-19': 50.0, '20-29': 44.41, '30-39': 54.26, '40-49': 49.54, '50-59': 43.46, '60-69': 43.13, '70-79': 37.46, '80-89': 38.82, '90-99': 50.0, '100-109': 45.25, '110-119': 44.77, '120-129': 43.27, '130-139': 51.39, '140-149': 52.82, '150-159': 58.84, 'old': 46.02, 'new': 55.78, 'harmonic': 50.43}
2024-10-12 23:22:14,607 [trainer.py] => CNN top1 curve: [79.15, 68.27, 62.76, 57.34, 54.13, 52.05, 50.62, 47.36]
2024-10-12 23:22:14,607 [trainer.py] => CNN top5 curve: [95.63, 90.29, 86.53, 81.66, 78.5, 77.08, 75.24, 73.6]

2024-10-12 23:22:14,607 [trainer.py] => Average Accuracy (CNN): 58.96
2024-10-12 23:22:14,609 [trainer.py] => All params: 154885633
2024-10-12 23:22:14,610 [trainer.py] => Trainable params: 3415553
2024-10-12 23:22:14,616 [proof.py] => Learning on 160-180
2024-10-12 23:55:47,155 [base.py] => Constructing exemplars for new classes...(20 per classes)
2024-10-13 00:15:29,380 [proof.py] => Exemplar size: 3600
2024-10-13 00:15:29,381 [trainer.py] => CNN: {'total': 46.36, '00-09': 48.11, '10-19': 48.25, '20-29': 43.17, '30-39': 53.94, '40-49': 51.38, '50-59': 39.54, '60-69': 43.41, '70-79': 34.14, '80-89': 38.43, '90-99': 50.59, '100-109': 43.93, '110-119': 46.38, '120-129': 43.27, '130-139': 52.01, '140-149': 36.73, '150-159': 48.62, '160-169': 57.45, '170-179': 55.0, 'old': 45.19, 'new': 56.28, 'harmonic': 50.13}
2024-10-13 00:15:29,381 [trainer.py] => CNN top1 curve: [79.15, 68.27, 62.76, 57.34, 54.13, 52.05, 50.62, 47.36, 46.36]
2024-10-13 00:15:29,381 [trainer.py] => CNN top5 curve: [95.63, 90.29, 86.53, 81.66, 78.5, 77.08, 75.24, 73.6, 71.64]

2024-10-13 00:15:29,381 [trainer.py] => Average Accuracy (CNN): 57.559999999999995
2024-10-13 00:15:29,383 [trainer.py] => All params: 155412481
2024-10-13 00:15:29,384 [trainer.py] => Trainable params: 3678209
2024-10-13 00:15:29,390 [proof.py] => Learning on 180-200
2024-10-13 00:51:32,024 [base.py] => Constructing exemplars for new classes...(20 per classes)
2024-10-13 01:12:51,644 [proof.py] => Exemplar size: 4000
2024-10-13 01:12:51,652 [trainer.py] => CNN: {'total': 43.66, '00-09': 47.17, '10-19': 47.55, '20-29': 41.93, '30-39': 53.63, '40-49': 50.46, '50-59': 37.58, '60-69': 41.48, '70-79': 33.84, '80-89': 37.65, '90-99': 45.56, '100-109': 39.67, '110-119': 41.02, '120-129': 40.64, '130-139': 46.75, '140-149': 36.19, '150-159': 40.06, '160-169': 39.51, '170-179': 40.67, '180-189': 59.93, '190-199': 52.75, 'old': 42.33, 'new': 55.91, 'harmonic': 48.18}
2024-10-13 01:12:51,652 [trainer.py] => CNN top1 curve: [79.15, 68.27, 62.76, 57.34, 54.13, 52.05, 50.62, 47.36, 46.36, 43.66]
2024-10-13 01:12:51,652 [trainer.py] => CNN top5 curve: [95.63, 90.29, 86.53, 81.66, 78.5, 77.08, 75.24, 73.6, 71.64, 69.3]

2024-10-13 01:12:51,652 [trainer.py] => Average Accuracy (CNN): 56.169999999999995
