2024-10-12 14:08:34,506 [trainer.py] => config: ./exps/sunb150.json
2024-10-12 14:08:34,507 [trainer.py] => prefix: -
2024-10-12 14:08:34,507 [trainer.py] => dataset: sun
2024-10-12 14:08:34,507 [trainer.py] => memory_size: 6000
2024-10-12 14:08:34,507 [trainer.py] => memory_per_class: 20
2024-10-12 14:08:34,507 [trainer.py] => fixed_memory: True
2024-10-12 14:08:34,507 [trainer.py] => shuffle: True
2024-10-12 14:08:34,507 [trainer.py] => init_cls: 150
2024-10-12 14:08:34,507 [trainer.py] => increment: 30
2024-10-12 14:08:34,507 [trainer.py] => model_name: proof
2024-10-12 14:08:34,507 [trainer.py] => convnet_type: clip
2024-10-12 14:08:34,507 [trainer.py] => device: [device(type='cuda', index=3)]
2024-10-12 14:08:34,507 [trainer.py] => seed: 1993
2024-10-12 14:08:34,507 [trainer.py] => projection_type: pure_mlp
2024-10-12 14:08:34,507 [trainer.py] => frozen_layers: visual
2024-10-12 14:08:34,507 [trainer.py] => tuned_epoch: 10
2024-10-12 14:08:34,507 [trainer.py] => init_lr: 0.001
2024-10-12 14:08:34,507 [trainer.py] => batch_size: 64
2024-10-12 14:08:34,507 [trainer.py] => weight_decay: 0.05
2024-10-12 14:08:34,507 [trainer.py] => min_lr: 0
2024-10-12 14:08:34,507 [trainer.py] => optimizer: sgd
2024-10-12 14:08:34,797 [data_manager.py] => [169, 221, 146, 296, 92, 229, 49, 70, 126, 77, 243, 57, 120, 223, 27, 217, 154, 8, 101, 182, 54, 50, 97, 162, 28, 193, 79, 6, 151, 0, 173, 187, 44, 277, 157, 16, 257, 122, 35, 9, 171, 176, 134, 4, 87, 255, 112, 153, 246, 286, 147, 186, 107, 98, 10, 7, 266, 214, 36, 165, 139, 254, 103, 269, 59, 23, 298, 39, 73, 208, 135, 299, 102, 20, 12, 268, 11, 209, 161, 210, 74, 42, 56, 99, 235, 133, 159, 189, 145, 238, 215, 241, 138, 195, 233, 279, 88, 199, 64, 280, 26, 203, 17, 245, 174, 236, 137, 252, 80, 68, 181, 150, 118, 94, 75, 2, 109, 119, 232, 15, 69, 184, 201, 261, 55, 287, 273, 66, 175, 32, 142, 136, 116, 76, 179, 1, 91, 248, 275, 240, 290, 170, 132, 106, 265, 270, 85, 19, 284, 43, 259, 293, 228, 200, 104, 227, 51, 224, 163, 297, 216, 260, 93, 46, 100, 272, 105, 72, 131, 3, 156, 256, 249, 48, 113, 82, 172, 213, 62, 53, 271, 168, 253, 226, 183, 180, 276, 283, 78, 61, 143, 278, 30, 141, 196, 264, 231, 52, 222, 40, 125, 219, 65, 166, 192, 289, 45, 205, 89, 267, 90, 71, 167, 262, 281, 212, 96, 84, 127, 67, 294, 178, 288, 197, 21, 18, 111, 108, 58, 230, 188, 31, 110, 291, 129, 24, 204, 83, 81, 251, 60, 13, 128, 14, 86, 63, 117, 198, 274, 5, 22, 144, 258, 121, 38, 207, 148, 292, 41, 234, 237, 114, 202, 37, 149, 206, 155, 29, 130, 177, 194, 152, 34, 33, 239, 160, 140, 47, 244, 25, 282, 158, 211, 123, 190, 218, 164, 247, 263, 191, 220, 115, 242, 250, 124, 295, 95, 285, 225, 185]
2024-10-12 14:08:36,517 [factory.py] => Loaded ViT-B-16 model config.
2024-10-12 14:08:38,618 [factory.py] => Loaded ViT-B-16 model config.
2024-10-12 14:08:40,754 [trainer.py] => All params: 150670849
2024-10-12 14:08:40,755 [trainer.py] => Trainable params: 150670849
2024-10-12 14:08:40,913 [proof.py] => Learning on 0-150
2024-10-12 14:32:26,064 [base.py] => Constructing exemplars for new classes...(20 per classes)
2024-10-12 14:45:27,014 [proof.py] => Exemplar size: 3000
2024-10-12 14:45:27,014 [trainer.py] => CNN: {'total': 87.53, '00-09': 86.83, '10-19': 87.92, '20-29': 84.93, '30-39': 88.29, '40-49': 89.95, '50-59': 90.34, '60-69': 87.13, '70-79': 91.71, '80-89': 91.58, '90-99': 84.01, '100-109': 81.0, '110-119': 88.0, '120-129': 84.35, '130-139': 85.56, '140-149': 90.28, 'old': 0, 'new': 87.53, 'harmonic': 0.0}
2024-10-12 14:45:27,014 [trainer.py] => CNN top1 curve: [87.53]
2024-10-12 14:45:27,014 [trainer.py] => CNN top5 curve: [98.96]

2024-10-12 14:45:27,014 [trainer.py] => Average Accuracy (CNN): 87.53
2024-10-12 14:45:27,016 [trainer.py] => All params: 151197697
2024-10-12 14:45:27,017 [trainer.py] => Trainable params: 1576961
2024-10-12 14:45:27,022 [proof.py] => Learning on 150-180
2024-10-12 14:58:10,043 [base.py] => Constructing exemplars for new classes...(20 per classes)
2024-10-12 15:04:45,566 [proof.py] => Exemplar size: 3600
2024-10-12 15:04:45,567 [trainer.py] => CNN: {'total': 82.35, '00-09': 80.72, '10-19': 79.33, '20-29': 76.54, '30-39': 81.16, '40-49': 79.12, '50-59': 87.98, '60-69': 77.25, '70-79': 83.99, '80-89': 82.86, '90-99': 79.7, '100-109': 76.2, '110-119': 79.58, '120-129': 66.78, '130-139': 78.33, '140-149': 82.13, '150-159': 94.98, '160-169': 94.58, '170-179': 95.74, 'old': 79.3, 'new': 95.08, 'harmonic': 86.48}
2024-10-12 15:04:45,567 [trainer.py] => CNN top1 curve: [87.53, 82.35]
2024-10-12 15:04:45,567 [trainer.py] => CNN top5 curve: [98.96, 98.36]

2024-10-12 15:04:45,567 [trainer.py] => Average Accuracy (CNN): 84.94
2024-10-12 15:04:45,568 [trainer.py] => All params: 151724545
2024-10-12 15:04:45,569 [trainer.py] => Trainable params: 1839617
2024-10-12 15:04:45,574 [proof.py] => Learning on 180-210
2024-10-12 15:16:50,342 [base.py] => Constructing exemplars for new classes...(20 per classes)
2024-10-12 15:23:24,925 [proof.py] => Exemplar size: 4200
2024-10-12 15:23:24,925 [trainer.py] => CNN: {'total': 79.34, '00-09': 72.26, '10-19': 65.07, '20-29': 68.81, '30-39': 82.13, '40-49': 73.84, '50-59': 81.33, '60-69': 75.13, '70-79': 83.24, '80-89': 80.6, '90-99': 79.19, '100-109': 75.0, '110-119': 74.63, '120-129': 75.48, '130-139': 75.56, '140-149': 82.13, '150-159': 88.42, '160-169': 80.97, '170-179': 86.28, '180-189': 90.14, '190-199': 93.98, '200-209': 94.67, 'old': 77.48, 'new': 93.32, 'harmonic': 84.67}
2024-10-12 15:23:24,925 [trainer.py] => CNN top1 curve: [87.53, 82.35, 79.34]
2024-10-12 15:23:24,925 [trainer.py] => CNN top5 curve: [98.96, 98.36, 97.74]

2024-10-12 15:23:24,925 [trainer.py] => Average Accuracy (CNN): 83.07333333333334
2024-10-12 15:23:24,927 [trainer.py] => All params: 152251393
2024-10-12 15:23:24,927 [trainer.py] => Trainable params: 2102273
2024-10-12 15:23:24,933 [proof.py] => Learning on 210-240
2024-10-12 15:36:57,775 [base.py] => Constructing exemplars for new classes...(20 per classes)
2024-10-12 15:44:18,828 [proof.py] => Exemplar size: 4800
2024-10-12 15:44:18,828 [trainer.py] => CNN: {'total': 78.68, '00-09': 77.12, '10-19': 72.93, '20-29': 71.43, '30-39': 80.92, '40-49': 69.97, '50-59': 81.12, '60-69': 71.96, '70-79': 83.8, '80-89': 78.35, '90-99': 73.6, '100-109': 76.8, '110-119': 72.28, '120-129': 71.65, '130-139': 71.67, '140-149': 77.43, '150-159': 83.2, '160-169': 74.67, '170-179': 82.16, '180-189': 77.26, '190-199': 82.14, '200-209': 86.67, '210-219': 91.19, '220-229': 92.31, '230-239': 95.73, 'old': 76.76, 'new': 93.14, 'harmonic': 84.16}
2024-10-12 15:44:18,828 [trainer.py] => CNN top1 curve: [87.53, 82.35, 79.34, 78.68]
2024-10-12 15:44:18,828 [trainer.py] => CNN top5 curve: [98.96, 98.36, 97.74, 97.32]

2024-10-12 15:44:18,828 [trainer.py] => Average Accuracy (CNN): 81.975
2024-10-12 15:44:18,829 [trainer.py] => All params: 152778241
2024-10-12 15:44:18,830 [trainer.py] => Trainable params: 2364929
2024-10-12 15:44:18,835 [proof.py] => Learning on 240-270
2024-10-12 15:59:30,856 [base.py] => Constructing exemplars for new classes...(20 per classes)
2024-10-12 16:08:10,393 [proof.py] => Exemplar size: 5400
2024-10-12 16:08:10,394 [trainer.py] => CNN: {'total': 76.85, '00-09': 74.92, '10-19': 72.49, '20-29': 62.78, '30-39': 74.88, '40-49': 66.49, '50-59': 77.25, '60-69': 72.84, '70-79': 80.79, '80-89': 77.74, '90-99': 73.1, '100-109': 72.4, '110-119': 71.78, '120-129': 70.43, '130-139': 74.07, '140-149': 72.1, '150-159': 82.63, '160-169': 69.69, '170-179': 79.23, '180-189': 70.68, '190-199': 82.71, '200-209': 85.33, '210-219': 74.23, '220-229': 79.27, '230-239': 88.34, '240-249': 92.64, '250-259': 94.3, '260-269': 89.62, 'old': 74.93, 'new': 92.73, 'harmonic': 82.89}
2024-10-12 16:08:10,394 [trainer.py] => CNN top1 curve: [87.53, 82.35, 79.34, 78.68, 76.85]
2024-10-12 16:08:10,394 [trainer.py] => CNN top5 curve: [98.96, 98.36, 97.74, 97.32, 96.89]

2024-10-12 16:08:10,394 [trainer.py] => Average Accuracy (CNN): 80.95
2024-10-12 16:08:10,396 [trainer.py] => All params: 153305089
2024-10-12 16:08:10,397 [trainer.py] => Trainable params: 2627585
2024-10-12 16:08:10,408 [proof.py] => Learning on 270-300
2024-10-12 16:25:50,151 [base.py] => Constructing exemplars for new classes...(20 per classes)
2024-10-12 16:34:43,988 [proof.py] => Exemplar size: 6000
2024-10-12 16:34:43,988 [trainer.py] => CNN: {'total': 76.13, '00-09': 70.85, '10-19': 72.05, '20-29': 64.74, '30-39': 69.81, '40-49': 65.59, '50-59': 79.18, '60-69': 70.37, '70-79': 81.92, '80-89': 77.44, '90-99': 69.8, '100-109': 74.2, '110-119': 70.3, '120-129': 68.17, '130-139': 74.07, '140-149': 73.98, '150-159': 79.54, '160-169': 69.58, '170-179': 81.49, '180-189': 66.3, '190-199': 71.24, '200-209': 84.83, '210-219': 74.88, '220-229': 73.72, '230-239': 82.43, '240-249': 80.09, '250-259': 82.44, '260-269': 76.65, '270-279': 94.28, '280-289': 87.94, '290-299': 92.01, 'old': 74.13, 'new': 92.21, 'harmonic': 82.19}
2024-10-12 16:34:43,988 [trainer.py] => CNN top1 curve: [87.53, 82.35, 79.34, 78.68, 76.85, 76.13]
2024-10-12 16:34:43,988 [trainer.py] => CNN top5 curve: [98.96, 98.36, 97.74, 97.32, 96.89, 96.48]

2024-10-12 16:34:43,988 [trainer.py] => Average Accuracy (CNN): 80.14666666666666
