2024-10-12 14:07:24,824 [trainer.py] => config: ./exps/sun.json
2024-10-12 14:07:24,825 [trainer.py] => prefix: -
2024-10-12 14:07:24,825 [trainer.py] => dataset: sun
2024-10-12 14:07:24,825 [trainer.py] => memory_size: 6000
2024-10-12 14:07:24,825 [trainer.py] => memory_per_class: 20
2024-10-12 14:07:24,825 [trainer.py] => fixed_memory: True
2024-10-12 14:07:24,825 [trainer.py] => shuffle: True
2024-10-12 14:07:24,825 [trainer.py] => init_cls: 30
2024-10-12 14:07:24,825 [trainer.py] => increment: 30
2024-10-12 14:07:24,825 [trainer.py] => model_name: proof
2024-10-12 14:07:24,825 [trainer.py] => convnet_type: clip
2024-10-12 14:07:24,825 [trainer.py] => device: [device(type='cuda', index=2)]
2024-10-12 14:07:24,825 [trainer.py] => seed: 1993
2024-10-12 14:07:24,825 [trainer.py] => projection_type: pure_mlp
2024-10-12 14:07:24,825 [trainer.py] => frozen_layers: visual
2024-10-12 14:07:24,825 [trainer.py] => tuned_epoch: 10
2024-10-12 14:07:24,825 [trainer.py] => init_lr: 0.001
2024-10-12 14:07:24,825 [trainer.py] => batch_size: 64
2024-10-12 14:07:24,825 [trainer.py] => weight_decay: 0.05
2024-10-12 14:07:24,825 [trainer.py] => min_lr: 0
2024-10-12 14:07:24,825 [trainer.py] => optimizer: sgd
2024-10-12 14:07:25,230 [data_manager.py] => [169, 221, 146, 296, 92, 229, 49, 70, 126, 77, 243, 57, 120, 223, 27, 217, 154, 8, 101, 182, 54, 50, 97, 162, 28, 193, 79, 6, 151, 0, 173, 187, 44, 277, 157, 16, 257, 122, 35, 9, 171, 176, 134, 4, 87, 255, 112, 153, 246, 286, 147, 186, 107, 98, 10, 7, 266, 214, 36, 165, 139, 254, 103, 269, 59, 23, 298, 39, 73, 208, 135, 299, 102, 20, 12, 268, 11, 209, 161, 210, 74, 42, 56, 99, 235, 133, 159, 189, 145, 238, 215, 241, 138, 195, 233, 279, 88, 199, 64, 280, 26, 203, 17, 245, 174, 236, 137, 252, 80, 68, 181, 150, 118, 94, 75, 2, 109, 119, 232, 15, 69, 184, 201, 261, 55, 287, 273, 66, 175, 32, 142, 136, 116, 76, 179, 1, 91, 248, 275, 240, 290, 170, 132, 106, 265, 270, 85, 19, 284, 43, 259, 293, 228, 200, 104, 227, 51, 224, 163, 297, 216, 260, 93, 46, 100, 272, 105, 72, 131, 3, 156, 256, 249, 48, 113, 82, 172, 213, 62, 53, 271, 168, 253, 226, 183, 180, 276, 283, 78, 61, 143, 278, 30, 141, 196, 264, 231, 52, 222, 40, 125, 219, 65, 166, 192, 289, 45, 205, 89, 267, 90, 71, 167, 262, 281, 212, 96, 84, 127, 67, 294, 178, 288, 197, 21, 18, 111, 108, 58, 230, 188, 31, 110, 291, 129, 24, 204, 83, 81, 251, 60, 13, 128, 14, 86, 63, 117, 198, 274, 5, 22, 144, 258, 121, 38, 207, 148, 292, 41, 234, 237, 114, 202, 37, 149, 206, 155, 29, 130, 177, 194, 152, 34, 33, 239, 160, 140, 47, 244, 25, 282, 158, 211, 123, 190, 218, 164, 247, 263, 191, 220, 115, 242, 250, 124, 295, 95, 285, 225, 185]
2024-10-12 14:07:27,177 [factory.py] => Loaded ViT-B-16 model config.
2024-10-12 14:07:29,318 [factory.py] => Loaded ViT-B-16 model config.
2024-10-12 14:07:31,309 [trainer.py] => All params: 150670849
2024-10-12 14:07:31,310 [trainer.py] => Trainable params: 150670849
2024-10-12 14:07:31,460 [proof.py] => Learning on 0-30
2024-10-12 14:13:38,110 [base.py] => Constructing exemplars for new classes...(20 per classes)
2024-10-12 14:17:13,473 [proof.py] => Exemplar size: 600
2024-10-12 14:17:13,473 [trainer.py] => CNN: {'total': 95.26, '00-09': 95.61, '10-19': 96.8, '20-29': 93.58, 'old': 0, 'new': 95.26, 'harmonic': 0.0}
2024-10-12 14:17:13,473 [trainer.py] => CNN top1 curve: [95.26]
2024-10-12 14:17:13,473 [trainer.py] => CNN top5 curve: [99.86]

2024-10-12 14:17:13,473 [trainer.py] => Average Accuracy (CNN): 95.26
2024-10-12 14:17:13,474 [trainer.py] => All params: 151197697
2024-10-12 14:17:13,475 [trainer.py] => Trainable params: 1576961
2024-10-12 14:17:13,481 [proof.py] => Learning on 30-60
2024-10-12 14:24:24,244 [base.py] => Constructing exemplars for new classes...(20 per classes)
2024-10-12 14:28:23,999 [proof.py] => Exemplar size: 1200
2024-10-12 14:28:23,999 [trainer.py] => CNN: {'total': 89.18, '00-09': 86.05, '10-19': 90.83, '20-29': 76.15, '30-39': 95.29, '40-49': 91.62, '50-59': 97.42, 'old': 84.0, 'new': 94.4, 'harmonic': 88.9}
2024-10-12 14:28:23,999 [trainer.py] => CNN top1 curve: [95.26, 89.18]
2024-10-12 14:28:23,999 [trainer.py] => CNN top5 curve: [99.86, 99.52]

2024-10-12 14:28:23,999 [trainer.py] => Average Accuracy (CNN): 92.22
2024-10-12 14:28:24,000 [trainer.py] => All params: 151724545
2024-10-12 14:28:24,001 [trainer.py] => Trainable params: 1839617
2024-10-12 14:28:24,005 [proof.py] => Learning on 60-90
2024-10-12 14:35:54,136 [base.py] => Constructing exemplars for new classes...(20 per classes)
2024-10-12 14:40:25,060 [proof.py] => Exemplar size: 1800
2024-10-12 14:40:25,060 [trainer.py] => CNN: {'total': 88.97, '00-09': 86.99, '10-19': 85.88, '20-29': 79.16, '30-39': 90.1, '40-49': 86.6, '50-59': 92.27, '60-69': 91.53, '70-79': 95.48, '80-89': 96.99, 'old': 86.51, 'new': 94.78, 'harmonic': 90.46}
2024-10-12 14:40:25,060 [trainer.py] => CNN top1 curve: [95.26, 89.18, 88.97]
2024-10-12 14:40:25,060 [trainer.py] => CNN top5 curve: [99.86, 99.52, 99.53]

2024-10-12 14:40:25,060 [trainer.py] => Average Accuracy (CNN): 91.13666666666666
2024-10-12 14:40:25,062 [trainer.py] => All params: 152251393
2024-10-12 14:40:25,063 [trainer.py] => Trainable params: 2102273
2024-10-12 14:40:25,074 [proof.py] => Learning on 90-120
2024-10-12 14:49:06,913 [base.py] => Constructing exemplars for new classes...(20 per classes)
2024-10-12 14:54:29,482 [proof.py] => Exemplar size: 2400
2024-10-12 14:54:29,483 [trainer.py] => CNN: {'total': 84.9, '00-09': 81.03, '10-19': 82.68, '20-29': 76.15, '30-39': 79.83, '40-49': 86.08, '50-59': 89.48, '60-69': 85.89, '70-79': 89.83, '80-89': 81.05, '90-99': 89.09, '100-109': 92.4, '110-119': 92.08, 'old': 83.01, 'new': 91.48, 'harmonic': 87.04}
2024-10-12 14:54:29,483 [trainer.py] => CNN top1 curve: [95.26, 89.18, 88.97, 84.9]
2024-10-12 14:54:29,483 [trainer.py] => CNN top5 curve: [99.86, 99.52, 99.53, 98.85]

2024-10-12 14:54:29,484 [trainer.py] => Average Accuracy (CNN): 89.57749999999999
2024-10-12 14:54:29,486 [trainer.py] => All params: 152778241
2024-10-12 14:54:29,487 [trainer.py] => Trainable params: 2364929
2024-10-12 14:54:29,493 [proof.py] => Learning on 120-150
2024-10-12 15:03:54,267 [base.py] => Constructing exemplars for new classes...(20 per classes)
2024-10-12 15:09:37,492 [proof.py] => Exemplar size: 3000
2024-10-12 15:09:37,492 [trainer.py] => CNN: {'total': 83.55, '00-09': 80.72, '10-19': 77.58, '20-29': 75.88, '30-39': 81.64, '40-49': 84.79, '50-59': 85.62, '60-69': 83.25, '70-79': 88.32, '80-89': 79.85, '90-99': 82.74, '100-109': 84.4, '110-119': 84.16, '120-129': 89.39, '130-139': 92.22, '140-149': 92.48, 'old': 82.12, 'new': 91.14, 'harmonic': 86.4}
2024-10-12 15:09:37,492 [trainer.py] => CNN top1 curve: [95.26, 89.18, 88.97, 84.9, 83.55]
2024-10-12 15:09:37,492 [trainer.py] => CNN top5 curve: [99.86, 99.52, 99.53, 98.85, 98.52]

2024-10-12 15:09:37,492 [trainer.py] => Average Accuracy (CNN): 88.37199999999999
2024-10-12 15:09:37,493 [trainer.py] => All params: 153305089
2024-10-12 15:09:37,494 [trainer.py] => Trainable params: 2627585
2024-10-12 15:09:37,500 [proof.py] => Learning on 150-180
2024-10-12 15:21:54,976 [base.py] => Constructing exemplars for new classes...(20 per classes)
2024-10-12 15:28:26,344 [proof.py] => Exemplar size: 3600
2024-10-12 15:28:26,345 [trainer.py] => CNN: {'total': 81.96, '00-09': 76.96, '10-19': 76.71, '20-29': 74.97, '30-39': 81.04, '40-49': 77.71, '50-59': 86.05, '60-69': 79.01, '70-79': 82.3, '80-89': 82.86, '90-99': 81.47, '100-109': 77.2, '110-119': 79.33, '120-129': 68.87, '130-139': 82.04, '140-149': 83.39, '150-159': 93.82, '160-169': 94.36, '170-179': 94.67, 'old': 78.99, 'new': 94.34, 'harmonic': 85.99}
2024-10-12 15:28:26,345 [trainer.py] => CNN top1 curve: [95.26, 89.18, 88.97, 84.9, 83.55, 81.96]
2024-10-12 15:28:26,345 [trainer.py] => CNN top5 curve: [99.86, 99.52, 99.53, 98.85, 98.52, 98.13]

2024-10-12 15:28:26,345 [trainer.py] => Average Accuracy (CNN): 87.30333333333333
2024-10-12 15:28:26,346 [trainer.py] => All params: 153831937
2024-10-12 15:28:26,347 [trainer.py] => Trainable params: 2890241
2024-10-12 15:28:26,352 [proof.py] => Learning on 180-210
2024-10-12 15:40:19,594 [base.py] => Constructing exemplars for new classes...(20 per classes)
2024-10-12 15:46:55,994 [proof.py] => Exemplar size: 4200
2024-10-12 15:46:55,994 [trainer.py] => CNN: {'total': 79.95, '00-09': 71.94, '10-19': 66.52, '20-29': 70.25, '30-39': 81.64, '40-49': 75.9, '50-59': 83.48, '60-69': 75.31, '70-79': 82.67, '80-89': 81.2, '90-99': 78.93, '100-109': 75.8, '110-119': 75.12, '120-129': 76.17, '130-139': 76.11, '140-149': 80.88, '150-159': 88.42, '160-169': 81.64, '170-179': 88.68, '180-189': 89.86, '190-199': 93.8, '200-209': 95.0, 'old': 78.17, 'new': 93.32, 'harmonic': 85.08}
2024-10-12 15:46:55,994 [trainer.py] => CNN top1 curve: [95.26, 89.18, 88.97, 84.9, 83.55, 81.96, 79.95]
2024-10-12 15:46:55,994 [trainer.py] => CNN top5 curve: [99.86, 99.52, 99.53, 98.85, 98.52, 98.13, 97.62]

2024-10-12 15:46:55,994 [trainer.py] => Average Accuracy (CNN): 86.25285714285714
2024-10-12 15:46:55,995 [trainer.py] => All params: 154358785
2024-10-12 15:46:55,996 [trainer.py] => Trainable params: 3152897
2024-10-12 15:46:56,002 [proof.py] => Learning on 210-240
2024-10-12 16:01:11,209 [base.py] => Constructing exemplars for new classes...(20 per classes)
2024-10-12 16:09:24,498 [proof.py] => Exemplar size: 4800
2024-10-12 16:09:24,499 [trainer.py] => CNN: {'total': 79.17, '00-09': 75.55, '10-19': 71.32, '20-29': 69.33, '30-39': 81.64, '40-49': 71.91, '50-59': 79.18, '60-69': 75.66, '70-79': 81.73, '80-89': 80.45, '90-99': 73.35, '100-109': 74.8, '110-119': 74.13, '120-129': 73.91, '130-139': 74.26, '140-149': 80.56, '150-159': 84.94, '160-169': 76.88, '170-179': 83.89, '180-189': 77.26, '190-199': 82.89, '200-209': 85.33, '210-219': 90.86, '220-229': 91.88, '230-239': 95.24, 'old': 77.37, 'new': 92.72, 'harmonic': 84.35}
2024-10-12 16:09:24,499 [trainer.py] => CNN top1 curve: [95.26, 89.18, 88.97, 84.9, 83.55, 81.96, 79.95, 79.17]
2024-10-12 16:09:24,499 [trainer.py] => CNN top5 curve: [99.86, 99.52, 99.53, 98.85, 98.52, 98.13, 97.62, 97.25]

2024-10-12 16:09:24,499 [trainer.py] => Average Accuracy (CNN): 85.36749999999999
2024-10-12 16:09:24,501 [trainer.py] => All params: 154885633
2024-10-12 16:09:24,501 [trainer.py] => Trainable params: 3415553
2024-10-12 16:09:24,506 [proof.py] => Learning on 240-270
2024-10-12 16:24:59,445 [base.py] => Constructing exemplars for new classes...(20 per classes)
2024-10-12 16:33:17,853 [proof.py] => Exemplar size: 5400
2024-10-12 16:33:17,853 [trainer.py] => CNN: {'total': 77.68, '00-09': 74.29, '10-19': 69.87, '20-29': 64.48, '30-39': 75.36, '40-49': 69.85, '50-59': 77.04, '60-69': 76.9, '70-79': 80.98, '80-89': 79.1, '90-99': 72.59, '100-109': 72.8, '110-119': 75.37, '120-129': 70.96, '130-139': 74.63, '140-149': 74.29, '150-159': 84.56, '160-169': 71.24, '170-179': 79.36, '180-189': 70.68, '190-199': 82.14, '200-209': 83.83, '210-219': 77.32, '220-229': 80.56, '230-239': 89.33, '240-249': 91.99, '250-259': 94.53, '260-269': 88.92, 'old': 75.89, 'new': 92.5, 'harmonic': 83.38}
2024-10-12 16:33:17,854 [trainer.py] => CNN top1 curve: [95.26, 89.18, 88.97, 84.9, 83.55, 81.96, 79.95, 79.17, 77.68]
2024-10-12 16:33:17,854 [trainer.py] => CNN top5 curve: [99.86, 99.52, 99.53, 98.85, 98.52, 98.13, 97.62, 97.25, 97.09]

2024-10-12 16:33:17,854 [trainer.py] => Average Accuracy (CNN): 84.51333333333332
2024-10-12 16:33:17,855 [trainer.py] => All params: 155412481
2024-10-12 16:33:17,856 [trainer.py] => Trainable params: 3678209
2024-10-12 16:33:17,862 [proof.py] => Learning on 270-300
2024-10-12 16:51:21,793 [base.py] => Constructing exemplars for new classes...(20 per classes)
2024-10-12 17:00:56,238 [proof.py] => Exemplar size: 6000
2024-10-12 17:00:56,245 [trainer.py] => CNN: {'total': 76.91, '00-09': 71.47, '10-19': 68.85, '20-29': 64.48, '30-39': 72.71, '40-49': 69.85, '50-59': 79.18, '60-69': 70.55, '70-79': 83.24, '80-89': 76.84, '90-99': 70.81, '100-109': 75.4, '110-119': 71.66, '120-129': 69.74, '130-139': 71.48, '140-149': 74.92, '150-159': 79.92, '160-169': 70.8, '170-179': 81.09, '180-189': 73.42, '190-199': 73.5, '200-209': 83.0, '210-219': 76.51, '220-229': 74.57, '230-239': 84.07, '240-249': 79.0, '250-259': 83.26, '260-269': 78.07, '270-279': 94.98, '280-289': 87.94, '290-299': 93.07, 'old': 74.92, 'new': 92.86, 'harmonic': 82.93}
2024-10-12 17:00:56,245 [trainer.py] => CNN top1 curve: [95.26, 89.18, 88.97, 84.9, 83.55, 81.96, 79.95, 79.17, 77.68, 76.91]
2024-10-12 17:00:56,245 [trainer.py] => CNN top5 curve: [99.86, 99.52, 99.53, 98.85, 98.52, 98.13, 97.62, 97.25, 97.09, 96.61]

2024-10-12 17:00:56,245 [trainer.py] => Average Accuracy (CNN): 83.75299999999999
