2024-10-12 13:53:23,730 [trainer.py] => config: ./exps/airb50.json
2024-10-12 13:53:23,730 [trainer.py] => prefix: -
2024-10-12 13:53:23,730 [trainer.py] => dataset: aircraft
2024-10-12 13:53:23,730 [trainer.py] => memory_size: 2000
2024-10-12 13:53:23,730 [trainer.py] => memory_per_class: 20
2024-10-12 13:53:23,730 [trainer.py] => fixed_memory: True
2024-10-12 13:53:23,730 [trainer.py] => shuffle: True
2024-10-12 13:53:23,730 [trainer.py] => init_cls: 50
2024-10-12 13:53:23,730 [trainer.py] => increment: 10
2024-10-12 13:53:23,730 [trainer.py] => model_name: proof
2024-10-12 13:53:23,730 [trainer.py] => convnet_type: clip
2024-10-12 13:53:23,730 [trainer.py] => device: [device(type='cuda', index=0)]
2024-10-12 13:53:23,730 [trainer.py] => seed: 1993
2024-10-12 13:53:23,731 [trainer.py] => projection_type: pure_mlp
2024-10-12 13:53:23,731 [trainer.py] => frozen_layers: visual
2024-10-12 13:53:23,731 [trainer.py] => tuned_epoch: 10
2024-10-12 13:53:23,731 [trainer.py] => init_lr: 0.001
2024-10-12 13:53:23,731 [trainer.py] => batch_size: 64
2024-10-12 13:53:23,731 [trainer.py] => weight_decay: 0.05
2024-10-12 13:53:23,731 [trainer.py] => min_lr: 0
2024-10-12 13:53:23,731 [trainer.py] => optimizer: sgd
2024-10-12 13:53:23,753 [data_manager.py] => [68, 56, 78, 8, 23, 84, 90, 65, 74, 76, 40, 89, 3, 92, 55, 9, 26, 80, 43, 38, 58, 70, 77, 1, 85, 19, 17, 50, 28, 53, 13, 81, 45, 82, 6, 59, 83, 16, 15, 44, 91, 41, 72, 60, 79, 52, 20, 10, 31, 54, 37, 95, 14, 71, 96, 98, 97, 2, 64, 66, 42, 22, 35, 86, 24, 34, 87, 21, 99, 0, 88, 27, 18, 94, 11, 12, 47, 25, 30, 46, 62, 69, 36, 61, 7, 63, 75, 5, 32, 4, 51, 48, 73, 93, 39, 67, 29, 49, 57, 33]
2024-10-12 13:53:24,869 [factory.py] => Loaded ViT-B-16 model config.
2024-10-12 13:53:26,395 [factory.py] => Loaded ViT-B-16 model config.
2024-10-12 13:53:27,952 [trainer.py] => All params: 150670849
2024-10-12 13:53:27,952 [trainer.py] => Trainable params: 150670849
2024-10-12 13:53:28,087 [proof.py] => Learning on 0-50
2024-10-12 13:56:10,230 [base.py] => Constructing exemplars for new classes...(20 per classes)
2024-10-12 13:58:38,271 [proof.py] => Exemplar size: 1000
2024-10-12 13:58:38,272 [trainer.py] => CNN: {'total': 67.23, '00-09': 70.83, '10-19': 63.77, '20-29': 58.68, '30-39': 70.27, '40-49': 72.59, 'old': 0, 'new': 67.23, 'harmonic': 0.0}
2024-10-12 13:58:38,272 [trainer.py] => CNN top1 curve: [67.23]
2024-10-12 13:58:38,272 [trainer.py] => CNN top5 curve: [94.55]

2024-10-12 13:58:38,272 [trainer.py] => Average Accuracy (CNN): 67.23
2024-10-12 13:58:38,275 [trainer.py] => All params: 151197697
2024-10-12 13:58:38,278 [trainer.py] => Trainable params: 1576961
2024-10-12 13:58:38,286 [proof.py] => Learning on 50-60
2024-10-12 14:00:37,252 [base.py] => Constructing exemplars for new classes...(20 per classes)
2024-10-12 14:01:55,288 [proof.py] => Exemplar size: 1200
2024-10-12 14:01:55,289 [trainer.py] => CNN: {'total': 61.33, '00-09': 55.36, '10-19': 51.8, '20-29': 55.69, '30-39': 64.26, '40-49': 66.57, '50-59': 74.33, 'old': 58.72, 'new': 74.33, 'harmonic': 65.61}
2024-10-12 14:01:55,289 [trainer.py] => CNN top1 curve: [67.23, 61.33]
2024-10-12 14:01:55,289 [trainer.py] => CNN top5 curve: [94.55, 90.47]

2024-10-12 14:01:55,289 [trainer.py] => Average Accuracy (CNN): 64.28
2024-10-12 14:01:55,291 [trainer.py] => All params: 151724545
2024-10-12 14:01:55,292 [trainer.py] => Trainable params: 1839617
2024-10-12 14:01:55,299 [proof.py] => Learning on 60-70
2024-10-12 14:04:09,754 [base.py] => Constructing exemplars for new classes...(20 per classes)
2024-10-12 14:05:32,044 [proof.py] => Exemplar size: 1400
2024-10-12 14:05:32,045 [trainer.py] => CNN: {'total': 59.5, '00-09': 55.06, '10-19': 54.49, '20-29': 51.5, '30-39': 66.07, '40-49': 66.27, '50-59': 69.25, '60-69': 53.92, 'old': 60.43, 'new': 53.92, 'harmonic': 56.99}
2024-10-12 14:05:32,045 [trainer.py] => CNN top1 curve: [67.23, 61.33, 59.5]
2024-10-12 14:05:32,045 [trainer.py] => CNN top5 curve: [94.55, 90.47, 88.87]

2024-10-12 14:05:32,045 [trainer.py] => Average Accuracy (CNN): 62.68666666666667
2024-10-12 14:05:32,046 [trainer.py] => All params: 152251393
2024-10-12 14:05:32,047 [trainer.py] => Trainable params: 2102273
2024-10-12 14:05:32,052 [proof.py] => Learning on 70-80
2024-10-12 14:07:53,048 [base.py] => Constructing exemplars for new classes...(20 per classes)
2024-10-12 14:09:34,771 [proof.py] => Exemplar size: 1600
2024-10-12 14:09:34,772 [trainer.py] => CNN: {'total': 56.71, '00-09': 57.44, '10-19': 52.99, '20-29': 48.8, '30-39': 56.76, '40-49': 65.06, '50-59': 70.45, '60-69': 47.29, '70-79': 54.82, 'old': 56.98, 'new': 54.82, 'harmonic': 55.88}
2024-10-12 14:09:34,772 [trainer.py] => CNN top1 curve: [67.23, 61.33, 59.5, 56.71]
2024-10-12 14:09:34,772 [trainer.py] => CNN top5 curve: [94.55, 90.47, 88.87, 86.92]

2024-10-12 14:09:34,772 [trainer.py] => Average Accuracy (CNN): 61.1925
2024-10-12 14:09:34,774 [trainer.py] => All params: 152778241
2024-10-12 14:09:34,775 [trainer.py] => Trainable params: 2364929
2024-10-12 14:09:34,783 [proof.py] => Learning on 80-90
2024-10-12 14:12:20,158 [base.py] => Constructing exemplars for new classes...(20 per classes)
2024-10-12 14:14:06,945 [proof.py] => Exemplar size: 1800
2024-10-12 14:14:06,946 [trainer.py] => CNN: {'total': 55.45, '00-09': 53.57, '10-19': 54.49, '20-29': 50.9, '30-39': 56.76, '40-49': 59.34, '50-59': 66.27, '60-69': 43.98, '70-79': 50.6, '80-89': 63.06, 'old': 54.5, 'new': 63.06, 'harmonic': 58.47}
2024-10-12 14:14:06,946 [trainer.py] => CNN top1 curve: [67.23, 61.33, 59.5, 56.71, 55.45]
2024-10-12 14:14:06,946 [trainer.py] => CNN top5 curve: [94.55, 90.47, 88.87, 86.92, 85.54]

2024-10-12 14:14:06,946 [trainer.py] => Average Accuracy (CNN): 60.044000000000004
2024-10-12 14:14:06,949 [trainer.py] => All params: 153305089
2024-10-12 14:14:06,952 [trainer.py] => Trainable params: 2627585
2024-10-12 14:14:06,961 [proof.py] => Learning on 90-100
2024-10-12 14:17:07,028 [base.py] => Constructing exemplars for new classes...(20 per classes)
2024-10-12 14:19:05,224 [proof.py] => Exemplar size: 2000
2024-10-12 14:19:05,225 [trainer.py] => CNN: {'total': 56.8, '00-09': 55.36, '10-19': 52.99, '20-29': 43.71, '30-39': 58.56, '40-49': 61.75, '50-59': 66.27, '60-69': 43.67, '70-79': 46.39, '80-89': 56.76, '90-99': 82.53, 'old': 53.95, 'new': 82.53, 'harmonic': 65.25}
2024-10-12 14:19:05,225 [trainer.py] => CNN top1 curve: [67.23, 61.33, 59.5, 56.71, 55.45, 56.8]
2024-10-12 14:19:05,225 [trainer.py] => CNN top5 curve: [94.55, 90.47, 88.87, 86.92, 85.54, 84.97]

2024-10-12 14:19:05,225 [trainer.py] => Average Accuracy (CNN): 59.50333333333334
2024-10-12 14:28:30,332 [trainer.py] => config: ./exps/airb50.json
2024-10-12 14:28:30,332 [trainer.py] => prefix: -
2024-10-12 14:28:30,332 [trainer.py] => dataset: aircraft
2024-10-12 14:28:30,332 [trainer.py] => memory_size: 2000
2024-10-12 14:28:30,332 [trainer.py] => memory_per_class: 20
2024-10-12 14:28:30,332 [trainer.py] => fixed_memory: False
2024-10-12 14:28:30,332 [trainer.py] => shuffle: True
2024-10-12 14:28:30,332 [trainer.py] => init_cls: 50
2024-10-12 14:28:30,332 [trainer.py] => increment: 10
2024-10-12 14:28:30,332 [trainer.py] => model_name: proof
2024-10-12 14:28:30,332 [trainer.py] => convnet_type: clip
2024-10-12 14:28:30,332 [trainer.py] => device: [device(type='cuda', index=0)]
2024-10-12 14:28:30,332 [trainer.py] => seed: 1993
2024-10-12 14:28:30,332 [trainer.py] => projection_type: pure_mlp
2024-10-12 14:28:30,332 [trainer.py] => frozen_layers: visual
2024-10-12 14:28:30,332 [trainer.py] => tuned_epoch: 10
2024-10-12 14:28:30,332 [trainer.py] => init_lr: 0.001
2024-10-12 14:28:30,332 [trainer.py] => batch_size: 64
2024-10-12 14:28:30,332 [trainer.py] => weight_decay: 0.05
2024-10-12 14:28:30,332 [trainer.py] => min_lr: 0
2024-10-12 14:28:30,332 [trainer.py] => optimizer: sgd
2024-10-12 14:28:30,357 [data_manager.py] => [68, 56, 78, 8, 23, 84, 90, 65, 74, 76, 40, 89, 3, 92, 55, 9, 26, 80, 43, 38, 58, 70, 77, 1, 85, 19, 17, 50, 28, 53, 13, 81, 45, 82, 6, 59, 83, 16, 15, 44, 91, 41, 72, 60, 79, 52, 20, 10, 31, 54, 37, 95, 14, 71, 96, 98, 97, 2, 64, 66, 42, 22, 35, 86, 24, 34, 87, 21, 99, 0, 88, 27, 18, 94, 11, 12, 47, 25, 30, 46, 62, 69, 36, 61, 7, 63, 75, 5, 32, 4, 51, 48, 73, 93, 39, 67, 29, 49, 57, 33]
2024-10-12 14:28:31,715 [factory.py] => Loaded ViT-B-16 model config.
2024-10-12 14:28:33,737 [factory.py] => Loaded ViT-B-16 model config.
2024-10-12 14:28:35,382 [trainer.py] => All params: 150670849
2024-10-12 14:28:35,383 [trainer.py] => Trainable params: 150670849
2024-10-12 14:28:35,531 [proof.py] => Learning on 0-50
2024-10-12 14:31:15,100 [base.py] => Reducing exemplars...(40 per classes)
2024-10-12 14:31:15,101 [base.py] => Constructing exemplars...(40 per classes)
2024-10-12 14:33:39,021 [proof.py] => Exemplar size: 2000
2024-10-12 14:33:39,022 [trainer.py] => CNN: {'total': 67.23, '00-09': 70.83, '10-19': 63.77, '20-29': 58.68, '30-39': 70.27, '40-49': 72.59, 'old': 0, 'new': 67.23, 'harmonic': 0.0}
2024-10-12 14:33:39,022 [trainer.py] => CNN top1 curve: [67.23]
2024-10-12 14:33:39,022 [trainer.py] => CNN top5 curve: [94.55]

2024-10-12 14:33:39,022 [trainer.py] => Average Accuracy (CNN): 67.23
2024-10-12 14:33:39,023 [trainer.py] => All params: 151197697
2024-10-12 14:33:39,024 [trainer.py] => Trainable params: 1576961
2024-10-12 14:33:39,031 [proof.py] => Learning on 50-60
2024-10-12 14:35:58,153 [base.py] => Reducing exemplars...(33 per classes)
2024-10-12 14:36:44,255 [base.py] => Constructing exemplars...(33 per classes)
2024-10-12 14:37:29,187 [proof.py] => Exemplar size: 1980
2024-10-12 14:37:29,188 [trainer.py] => CNN: {'total': 66.37, '00-09': 66.07, '10-19': 60.18, '20-29': 55.09, '30-39': 71.17, '40-49': 71.69, '50-59': 74.03, 'old': 64.83, 'new': 74.03, 'harmonic': 69.13}
2024-10-12 14:37:29,188 [trainer.py] => CNN top1 curve: [67.23, 66.37]
2024-10-12 14:37:29,188 [trainer.py] => CNN top5 curve: [94.55, 92.61]

2024-10-12 14:37:29,188 [trainer.py] => Average Accuracy (CNN): 66.80000000000001
2024-10-12 14:37:29,190 [trainer.py] => All params: 151724545
2024-10-12 14:37:29,191 [trainer.py] => Trainable params: 1839617
2024-10-12 14:37:29,196 [proof.py] => Learning on 60-70
2024-10-12 14:39:55,638 [base.py] => Reducing exemplars...(28 per classes)
2024-10-12 14:40:43,584 [base.py] => Constructing exemplars...(28 per classes)
2024-10-12 14:41:28,104 [proof.py] => Exemplar size: 1960
2024-10-12 14:41:28,105 [trainer.py] => CNN: {'total': 63.57, '00-09': 64.58, '10-19': 59.88, '20-29': 55.39, '30-39': 69.97, '40-49': 70.18, '50-59': 72.24, '60-69': 52.71, 'old': 65.37, 'new': 52.71, 'harmonic': 58.36}
2024-10-12 14:41:28,105 [trainer.py] => CNN top1 curve: [67.23, 66.37, 63.57]
2024-10-12 14:41:28,105 [trainer.py] => CNN top5 curve: [94.55, 92.61, 89.85]

2024-10-12 14:41:28,105 [trainer.py] => Average Accuracy (CNN): 65.72333333333334
2024-10-12 14:41:28,107 [trainer.py] => All params: 152251393
2024-10-12 14:41:28,109 [trainer.py] => Trainable params: 2102273
2024-10-12 14:41:28,116 [proof.py] => Learning on 70-80
2024-10-12 14:44:12,456 [base.py] => Reducing exemplars...(25 per classes)
2024-10-12 14:45:05,258 [base.py] => Constructing exemplars...(25 per classes)
2024-10-12 14:45:54,594 [proof.py] => Exemplar size: 2000
2024-10-12 14:45:54,594 [trainer.py] => CNN: {'total': 58.55, '00-09': 59.23, '10-19': 58.68, '20-29': 50.3, '30-39': 59.76, '40-49': 68.98, '50-59': 69.55, '60-69': 46.99, '70-79': 54.82, 'old': 59.08, 'new': 54.82, 'harmonic': 56.87}
2024-10-12 14:45:54,594 [trainer.py] => CNN top1 curve: [67.23, 66.37, 63.57, 58.55]
2024-10-12 14:45:54,594 [trainer.py] => CNN top5 curve: [94.55, 92.61, 89.85, 87.18]

2024-10-12 14:45:54,594 [trainer.py] => Average Accuracy (CNN): 63.93000000000001
2024-10-12 14:45:54,596 [trainer.py] => All params: 152778241
2024-10-12 14:45:54,596 [trainer.py] => Trainable params: 2364929
2024-10-12 14:45:54,603 [proof.py] => Learning on 80-90
2024-10-12 14:47:15,461 [trainer.py] => config: ./exps/airb50.json
2024-10-12 14:47:15,461 [trainer.py] => prefix: -
2024-10-12 14:47:15,461 [trainer.py] => dataset: aircraft
2024-10-12 14:47:15,461 [trainer.py] => memory_size: 2000
2024-10-12 14:47:15,461 [trainer.py] => memory_per_class: 20
2024-10-12 14:47:15,461 [trainer.py] => fixed_memory: False
2024-10-12 14:47:15,461 [trainer.py] => shuffle: True
2024-10-12 14:47:15,461 [trainer.py] => init_cls: 50
2024-10-12 14:47:15,462 [trainer.py] => increment: 10
2024-10-12 14:47:15,462 [trainer.py] => model_name: proof
2024-10-12 14:47:15,462 [trainer.py] => convnet_type: clip
2024-10-12 14:47:15,462 [trainer.py] => device: [device(type='cuda', index=0)]
2024-10-12 14:47:15,462 [trainer.py] => seed: 1993
2024-10-12 14:47:15,462 [trainer.py] => projection_type: pure_mlp
2024-10-12 14:47:15,462 [trainer.py] => frozen_layers: visual
2024-10-12 14:47:15,462 [trainer.py] => tuned_epoch: 10
2024-10-12 14:47:15,462 [trainer.py] => init_lr: 0.001
2024-10-12 14:47:15,462 [trainer.py] => batch_size: 64
2024-10-12 14:47:15,462 [trainer.py] => weight_decay: 0.05
2024-10-12 14:47:15,462 [trainer.py] => min_lr: 0
2024-10-12 14:47:15,462 [trainer.py] => optimizer: adam
2024-10-12 14:47:15,497 [data_manager.py] => [68, 56, 78, 8, 23, 84, 90, 65, 74, 76, 40, 89, 3, 92, 55, 9, 26, 80, 43, 38, 58, 70, 77, 1, 85, 19, 17, 50, 28, 53, 13, 81, 45, 82, 6, 59, 83, 16, 15, 44, 91, 41, 72, 60, 79, 52, 20, 10, 31, 54, 37, 95, 14, 71, 96, 98, 97, 2, 64, 66, 42, 22, 35, 86, 24, 34, 87, 21, 99, 0, 88, 27, 18, 94, 11, 12, 47, 25, 30, 46, 62, 69, 36, 61, 7, 63, 75, 5, 32, 4, 51, 48, 73, 93, 39, 67, 29, 49, 57, 33]
2024-10-12 14:47:17,061 [factory.py] => Loaded ViT-B-16 model config.
2024-10-12 14:47:18,801 [factory.py] => Loaded ViT-B-16 model config.
2024-10-12 14:47:20,409 [trainer.py] => All params: 150670849
2024-10-12 14:47:20,410 [trainer.py] => Trainable params: 150670849
2024-10-12 14:47:20,555 [proof.py] => Learning on 0-50
2024-10-12 14:50:01,134 [base.py] => Reducing exemplars...(40 per classes)
2024-10-12 14:50:01,135 [base.py] => Constructing exemplars...(40 per classes)
2024-10-12 14:52:28,581 [proof.py] => Exemplar size: 2000
2024-10-12 14:52:28,581 [trainer.py] => CNN: {'total': 70.4, '00-09': 74.7, '10-19': 66.47, '20-29': 62.57, '30-39': 72.37, '40-49': 75.9, 'old': 0, 'new': 70.4, 'harmonic': 0.0}
2024-10-12 14:52:28,581 [trainer.py] => CNN top1 curve: [70.4]
2024-10-12 14:52:28,582 [trainer.py] => CNN top5 curve: [95.21]

2024-10-12 14:52:28,582 [trainer.py] => Average Accuracy (CNN): 70.4
2024-10-12 14:52:28,583 [trainer.py] => All params: 151197697
2024-10-12 14:52:28,584 [trainer.py] => Trainable params: 1576961
2024-10-12 14:52:28,592 [proof.py] => Learning on 50-60
2024-10-12 14:54:56,313 [base.py] => Reducing exemplars...(33 per classes)
2024-10-12 14:55:40,114 [base.py] => Constructing exemplars...(33 per classes)
2024-10-12 14:56:27,422 [proof.py] => Exemplar size: 1980
2024-10-12 14:56:27,422 [trainer.py] => CNN: {'total': 68.56, '00-09': 66.96, '10-19': 61.08, '20-29': 62.28, '30-39': 73.27, '40-49': 74.1, '50-59': 73.73, 'old': 67.53, 'new': 73.73, 'harmonic': 70.49}
2024-10-12 14:56:27,422 [trainer.py] => CNN top1 curve: [70.4, 68.56]
2024-10-12 14:56:27,422 [trainer.py] => CNN top5 curve: [95.21, 93.11]

2024-10-12 14:56:27,422 [trainer.py] => Average Accuracy (CNN): 69.48
2024-10-12 14:56:27,424 [trainer.py] => All params: 151724545
2024-10-12 14:56:27,425 [trainer.py] => Trainable params: 1839617
2024-10-12 14:56:27,430 [proof.py] => Learning on 60-70
2024-10-12 14:59:06,822 [base.py] => Reducing exemplars...(28 per classes)
2024-10-12 14:59:55,119 [base.py] => Constructing exemplars...(28 per classes)
2024-10-12 15:00:41,563 [proof.py] => Exemplar size: 1960
2024-10-12 15:00:41,563 [trainer.py] => CNN: {'total': 65.15, '00-09': 66.37, '10-19': 61.98, '20-29': 59.28, '30-39': 70.27, '40-49': 71.39, '50-59': 72.24, '60-69': 54.52, 'old': 66.92, 'new': 54.52, 'harmonic': 60.09}
2024-10-12 15:00:41,563 [trainer.py] => CNN top1 curve: [70.4, 68.56, 65.15]
2024-10-12 15:00:41,563 [trainer.py] => CNN top5 curve: [95.21, 93.11, 90.71]

2024-10-12 15:00:41,563 [trainer.py] => Average Accuracy (CNN): 68.03666666666668
2024-10-12 15:00:41,564 [trainer.py] => All params: 152251393
2024-10-12 15:00:41,565 [trainer.py] => Trainable params: 2102273
2024-10-12 15:00:41,572 [proof.py] => Learning on 70-80
2024-10-12 15:03:24,442 [base.py] => Reducing exemplars...(25 per classes)
2024-10-12 15:04:14,269 [base.py] => Constructing exemplars...(25 per classes)
2024-10-12 15:05:02,326 [proof.py] => Exemplar size: 2000
2024-10-12 15:05:02,327 [trainer.py] => CNN: {'total': 60.61, '00-09': 61.31, '10-19': 59.88, '20-29': 55.69, '30-39': 63.06, '40-49': 71.08, '50-59': 72.54, '60-69': 46.69, '70-79': 54.52, 'old': 61.47, 'new': 54.52, 'harmonic': 57.79}
2024-10-12 15:05:02,327 [trainer.py] => CNN top1 curve: [70.4, 68.56, 65.15, 60.61]
2024-10-12 15:05:02,327 [trainer.py] => CNN top5 curve: [95.21, 93.11, 90.71, 87.97]

2024-10-12 15:05:02,328 [trainer.py] => Average Accuracy (CNN): 66.18
2024-10-12 15:05:02,330 [trainer.py] => All params: 152778241
2024-10-12 15:05:02,331 [trainer.py] => Trainable params: 2364929
2024-10-12 15:05:02,337 [proof.py] => Learning on 80-90
2024-10-12 15:07:54,666 [base.py] => Reducing exemplars...(22 per classes)
2024-10-12 15:08:50,265 [base.py] => Constructing exemplars...(22 per classes)
2024-10-12 15:09:39,666 [proof.py] => Exemplar size: 1980
2024-10-12 15:09:39,666 [trainer.py] => CNN: {'total': 58.05, '00-09': 53.57, '10-19': 56.59, '20-29': 55.99, '30-39': 63.36, '40-49': 69.28, '50-59': 68.06, '60-69': 38.25, '70-79': 50.6, '80-89': 66.67, 'old': 56.97, 'new': 66.67, 'harmonic': 61.44}
2024-10-12 15:09:39,667 [trainer.py] => CNN top1 curve: [70.4, 68.56, 65.15, 60.61, 58.05]
2024-10-12 15:09:39,667 [trainer.py] => CNN top5 curve: [95.21, 93.11, 90.71, 87.97, 86.94]

2024-10-12 15:09:39,667 [trainer.py] => Average Accuracy (CNN): 64.554
2024-10-12 15:09:39,669 [trainer.py] => All params: 153305089
2024-10-12 15:09:39,671 [trainer.py] => Trainable params: 2627585
2024-10-12 15:09:39,677 [proof.py] => Learning on 90-100
2024-10-12 15:12:40,533 [base.py] => Reducing exemplars...(20 per classes)
2024-10-12 15:13:38,858 [base.py] => Constructing exemplars...(20 per classes)
2024-10-12 15:14:26,118 [proof.py] => Exemplar size: 2000
2024-10-12 15:14:26,119 [trainer.py] => CNN: {'total': 58.81, '00-09': 55.36, '10-19': 56.59, '20-29': 51.5, '30-39': 62.16, '40-49': 65.66, '50-59': 66.57, '60-69': 40.36, '70-79': 49.4, '80-89': 59.46, '90-99': 81.02, 'old': 56.35, 'new': 81.02, 'harmonic': 66.47}
2024-10-12 15:14:26,119 [trainer.py] => CNN top1 curve: [70.4, 68.56, 65.15, 60.61, 58.05, 58.81]
2024-10-12 15:14:26,119 [trainer.py] => CNN top5 curve: [95.21, 93.11, 90.71, 87.97, 86.94, 86.5]

2024-10-12 15:14:26,119 [trainer.py] => Average Accuracy (CNN): 63.59666666666667
