2024-10-12 17:11:06,361 [trainer.py] => config: ./exps/car.json
2024-10-12 17:11:06,361 [trainer.py] => prefix: -
2024-10-12 17:11:06,361 [trainer.py] => dataset: cars
2024-10-12 17:11:06,361 [trainer.py] => memory_size: 2000
2024-10-12 17:11:06,361 [trainer.py] => memory_per_class: 20
2024-10-12 17:11:06,361 [trainer.py] => fixed_memory: True
2024-10-12 17:11:06,361 [trainer.py] => shuffle: True
2024-10-12 17:11:06,361 [trainer.py] => init_cls: 10
2024-10-12 17:11:06,361 [trainer.py] => increment: 10
2024-10-12 17:11:06,361 [trainer.py] => model_name: proof
2024-10-12 17:11:06,361 [trainer.py] => convnet_type: clip
2024-10-12 17:11:06,361 [trainer.py] => device: [device(type='cuda', index=2)]
2024-10-12 17:11:06,361 [trainer.py] => seed: 1993
2024-10-12 17:11:06,361 [trainer.py] => projection_type: pure_mlp
2024-10-12 17:11:06,361 [trainer.py] => frozen_layers: visual
2024-10-12 17:11:06,361 [trainer.py] => tuned_epoch: 10
2024-10-12 17:11:06,361 [trainer.py] => init_lr: 0.001
2024-10-12 17:11:06,361 [trainer.py] => batch_size: 64
2024-10-12 17:11:06,361 [trainer.py] => weight_decay: 0.05
2024-10-12 17:11:06,361 [trainer.py] => min_lr: 0
2024-10-12 17:11:06,361 [trainer.py] => optimizer: sgd
2024-10-12 17:11:06,420 [data_manager.py] => [68, 56, 78, 8, 23, 84, 90, 65, 74, 76, 40, 89, 3, 92, 55, 9, 26, 80, 43, 38, 58, 70, 77, 1, 85, 19, 17, 50, 28, 53, 13, 81, 45, 82, 6, 59, 83, 16, 15, 44, 91, 41, 72, 60, 79, 52, 20, 10, 31, 54, 37, 95, 14, 71, 96, 98, 97, 2, 64, 66, 42, 22, 35, 86, 24, 34, 87, 21, 99, 0, 88, 27, 18, 94, 11, 12, 47, 25, 30, 46, 62, 69, 36, 61, 7, 63, 75, 5, 32, 4, 51, 48, 73, 93, 39, 67, 29, 49, 57, 33]
2024-10-12 17:11:07,727 [factory.py] => Loaded ViT-B-16 model config.
2024-10-12 17:11:09,481 [factory.py] => Loaded ViT-B-16 model config.
2024-10-12 17:11:11,125 [trainer.py] => All params: 150670849
2024-10-12 17:11:11,126 [trainer.py] => Trainable params: 150670849
2024-10-12 17:11:11,332 [proof.py] => Learning on 0-10
2024-10-12 17:12:02,826 [base.py] => Constructing exemplars for new classes...(20 per classes)
2024-10-12 17:12:34,547 [proof.py] => Exemplar size: 200
2024-10-12 17:12:34,553 [trainer.py] => CNN: {'total': 98.35, '00-09': 98.35, 'old': 0, 'new': 98.35, 'harmonic': 0.0}
2024-10-12 17:12:34,553 [trainer.py] => CNN top1 curve: [98.35]
2024-10-12 17:12:34,554 [trainer.py] => CNN top5 curve: [100.0]

2024-10-12 17:12:34,554 [trainer.py] => Average Accuracy (CNN): 98.35
2024-10-12 17:12:34,555 [trainer.py] => All params: 151197697
2024-10-12 17:12:34,555 [trainer.py] => Trainable params: 1576961
2024-10-12 17:12:34,566 [proof.py] => Learning on 10-20
2024-10-12 17:13:47,471 [base.py] => Constructing exemplars for new classes...(20 per classes)
2024-10-12 17:14:25,166 [proof.py] => Exemplar size: 400
2024-10-12 17:14:25,167 [trainer.py] => CNN: {'total': 98.42, '00-09': 98.35, '10-19': 98.5, 'old': 98.35, 'new': 98.5, 'harmonic': 98.42}
2024-10-12 17:14:25,167 [trainer.py] => CNN top1 curve: [98.35, 98.42]
2024-10-12 17:14:25,167 [trainer.py] => CNN top5 curve: [100.0, 100.0]

2024-10-12 17:14:25,167 [trainer.py] => Average Accuracy (CNN): 98.38499999999999
2024-10-12 17:14:25,168 [trainer.py] => All params: 151724545
2024-10-12 17:14:25,168 [trainer.py] => Trainable params: 1839617
2024-10-12 17:14:25,176 [proof.py] => Learning on 20-30
2024-10-12 17:15:52,426 [base.py] => Constructing exemplars for new classes...(20 per classes)
2024-10-12 17:16:37,382 [proof.py] => Exemplar size: 600
2024-10-12 17:16:37,383 [trainer.py] => CNN: {'total': 97.11, '00-09': 98.35, '10-19': 98.5, '20-29': 94.52, 'old': 98.42, 'new': 94.52, 'harmonic': 96.43}
2024-10-12 17:16:37,383 [trainer.py] => CNN top1 curve: [98.35, 98.42, 97.11]
2024-10-12 17:16:37,383 [trainer.py] => CNN top5 curve: [100.0, 100.0, 100.0]

2024-10-12 17:16:37,383 [trainer.py] => Average Accuracy (CNN): 97.96
2024-10-12 17:16:37,385 [trainer.py] => All params: 152251393
2024-10-12 17:16:37,386 [trainer.py] => Trainable params: 2102273
2024-10-12 17:16:37,397 [proof.py] => Learning on 30-40
2024-10-12 17:18:22,315 [base.py] => Constructing exemplars for new classes...(20 per classes)
2024-10-12 17:19:12,414 [proof.py] => Exemplar size: 800
2024-10-12 17:19:12,414 [trainer.py] => CNN: {'total': 93.46, '00-09': 98.11, '10-19': 96.5, '20-29': 89.76, '30-39': 89.29, 'old': 94.77, 'new': 89.29, 'harmonic': 91.95}
2024-10-12 17:19:12,414 [trainer.py] => CNN top1 curve: [98.35, 98.42, 97.11, 93.46]
2024-10-12 17:19:12,414 [trainer.py] => CNN top5 curve: [100.0, 100.0, 100.0, 99.88]

2024-10-12 17:19:12,414 [trainer.py] => Average Accuracy (CNN): 96.835
2024-10-12 17:19:12,416 [trainer.py] => All params: 152778241
2024-10-12 17:19:12,417 [trainer.py] => Trainable params: 2364929
2024-10-12 17:19:12,429 [proof.py] => Learning on 40-50
2024-10-12 17:21:19,702 [base.py] => Constructing exemplars for new classes...(20 per classes)
2024-10-12 17:22:33,400 [proof.py] => Exemplar size: 1000
2024-10-12 17:22:33,400 [trainer.py] => CNN: {'total': 91.36, '00-09': 95.99, '10-19': 94.5, '20-29': 90.95, '30-39': 86.22, '40-49': 88.81, 'old': 91.99, 'new': 88.81, 'harmonic': 90.37}
2024-10-12 17:22:33,400 [trainer.py] => CNN top1 curve: [98.35, 98.42, 97.11, 93.46, 91.36]
2024-10-12 17:22:33,400 [trainer.py] => CNN top5 curve: [100.0, 100.0, 100.0, 99.88, 99.85]

2024-10-12 17:22:33,400 [trainer.py] => Average Accuracy (CNN): 95.74
2024-10-12 17:22:33,402 [trainer.py] => All params: 153305089
2024-10-12 17:22:33,403 [trainer.py] => Trainable params: 2627585
2024-10-12 17:22:33,411 [proof.py] => Learning on 50-60
2024-10-12 17:25:12,709 [base.py] => Constructing exemplars for new classes...(20 per classes)
2024-10-12 17:26:21,530 [proof.py] => Exemplar size: 1200
2024-10-12 17:26:21,530 [trainer.py] => CNN: {'total': 91.76, '00-09': 95.52, '10-19': 94.5, '20-29': 88.81, '30-39': 85.46, '40-49': 88.81, '50-59': 97.09, 'old': 90.68, 'new': 97.09, 'harmonic': 93.78}
2024-10-12 17:26:21,530 [trainer.py] => CNN top1 curve: [98.35, 98.42, 97.11, 93.46, 91.36, 91.76]
2024-10-12 17:26:21,530 [trainer.py] => CNN top5 curve: [100.0, 100.0, 100.0, 99.88, 99.85, 99.84]

2024-10-12 17:26:21,531 [trainer.py] => Average Accuracy (CNN): 95.07666666666667
2024-10-12 17:26:21,532 [trainer.py] => All params: 153831937
2024-10-12 17:26:21,532 [trainer.py] => Trainable params: 2890241
2024-10-12 17:26:21,542 [proof.py] => Learning on 60-70
2024-10-12 17:29:02,923 [base.py] => Constructing exemplars for new classes...(20 per classes)
2024-10-12 17:30:22,174 [proof.py] => Exemplar size: 1400
2024-10-12 17:30:22,174 [trainer.py] => CNN: {'total': 90.21, '00-09': 92.92, '10-19': 94.5, '20-29': 87.38, '30-39': 85.2, '40-49': 88.56, '50-59': 95.88, '60-69': 86.8, 'old': 90.78, 'new': 86.8, 'harmonic': 88.75}
2024-10-12 17:30:22,174 [trainer.py] => CNN top1 curve: [98.35, 98.42, 97.11, 93.46, 91.36, 91.76, 90.21]
2024-10-12 17:30:22,174 [trainer.py] => CNN top5 curve: [100.0, 100.0, 100.0, 99.88, 99.85, 99.84, 99.79]

2024-10-12 17:30:22,174 [trainer.py] => Average Accuracy (CNN): 94.38142857142859
2024-10-12 17:30:22,176 [trainer.py] => All params: 154358785
2024-10-12 17:30:22,177 [trainer.py] => Trainable params: 3152897
2024-10-12 17:30:22,189 [proof.py] => Learning on 70-80
2024-10-12 17:33:19,677 [base.py] => Constructing exemplars for new classes...(20 per classes)
2024-10-12 17:34:41,607 [proof.py] => Exemplar size: 1600
2024-10-12 17:34:41,607 [trainer.py] => CNN: {'total': 89.14, '00-09': 92.69, '10-19': 92.25, '20-29': 86.67, '30-39': 84.95, '40-49': 88.56, '50-59': 92.49, '60-69': 86.06, '70-79': 89.22, 'old': 89.13, 'new': 89.22, 'harmonic': 89.17}
2024-10-12 17:34:41,607 [trainer.py] => CNN top1 curve: [98.35, 98.42, 97.11, 93.46, 91.36, 91.76, 90.21, 89.14]
2024-10-12 17:34:41,607 [trainer.py] => CNN top5 curve: [100.0, 100.0, 100.0, 99.88, 99.85, 99.84, 99.79, 99.82]

2024-10-12 17:34:41,607 [trainer.py] => Average Accuracy (CNN): 93.72625000000001
2024-10-12 17:34:41,608 [trainer.py] => All params: 154885633
2024-10-12 17:34:41,609 [trainer.py] => Trainable params: 3415553
2024-10-12 17:34:41,620 [proof.py] => Learning on 80-90
2024-10-12 17:38:04,265 [base.py] => Constructing exemplars for new classes...(20 per classes)
2024-10-12 17:39:38,867 [proof.py] => Exemplar size: 1800
2024-10-12 17:39:38,867 [trainer.py] => CNN: {'total': 88.83, '00-09': 90.8, '10-19': 92.75, '20-29': 85.24, '30-39': 83.67, '40-49': 90.3, '50-59': 92.25, '60-69': 86.8, '70-79': 90.23, '80-89': 87.35, 'old': 89.02, 'new': 87.35, 'harmonic': 88.18}
2024-10-12 17:39:38,868 [trainer.py] => CNN top1 curve: [98.35, 98.42, 97.11, 93.46, 91.36, 91.76, 90.21, 89.14, 88.83]
2024-10-12 17:39:38,868 [trainer.py] => CNN top5 curve: [100.0, 100.0, 100.0, 99.88, 99.85, 99.84, 99.79, 99.82, 99.7]

2024-10-12 17:39:38,868 [trainer.py] => Average Accuracy (CNN): 93.18222222222224
2024-10-12 17:39:38,869 [trainer.py] => All params: 155412481
2024-10-12 17:39:38,870 [trainer.py] => Trainable params: 3678209
2024-10-12 17:39:38,883 [proof.py] => Learning on 90-100
2024-10-12 17:43:17,155 [base.py] => Constructing exemplars for new classes...(20 per classes)
2024-10-12 17:45:01,685 [proof.py] => Exemplar size: 2000
2024-10-12 17:45:01,685 [trainer.py] => CNN: {'total': 88.39, '00-09': 89.39, '10-19': 90.25, '20-29': 86.9, '30-39': 82.65, '40-49': 89.3, '50-59': 93.46, '60-69': 85.09, '70-79': 90.48, '80-89': 87.83, '90-99': 88.4, 'old': 88.39, 'new': 88.4, 'harmonic': 88.39}
2024-10-12 17:45:01,685 [trainer.py] => CNN top1 curve: [98.35, 98.42, 97.11, 93.46, 91.36, 91.76, 90.21, 89.14, 88.83, 88.39]
2024-10-12 17:45:01,685 [trainer.py] => CNN top5 curve: [100.0, 100.0, 100.0, 99.88, 99.85, 99.84, 99.79, 99.82, 99.7, 99.63]

2024-10-12 17:45:01,685 [trainer.py] => Average Accuracy (CNN): 92.703
